\BOOKMARK [0][-]{chapter.1}{1 Introduction}{}% 1
\BOOKMARK [1][-]{section.1.1}{1.1 Thesis statement}{chapter.1}% 2
\BOOKMARK [1][-]{section.1.2}{1.2 Contributions}{chapter.1}% 3
\BOOKMARK [1][-]{section.1.3}{1.3 Outline}{chapter.1}% 4
\BOOKMARK [1][-]{section.1.4}{1.4 Glossary of Terms}{chapter.1}% 5
\BOOKMARK [0][-]{chapter.2}{2 Technical background}{}% 6
\BOOKMARK [1][-]{section.2.1}{2.1 Typical Web Search Engine}{chapter.2}% 7
\BOOKMARK [1][-]{section.2.2}{2.2 Inverted Index}{chapter.2}% 8
\BOOKMARK [1][-]{section.2.3}{2.3 Dynamic Indexing}{chapter.2}% 9
\BOOKMARK [1][-]{section.2.4}{2.4 Retrieving Search Results}{chapter.2}% 10
\BOOKMARK [0][-]{chapter.3}{3 Related Work}{}% 11
\BOOKMARK [1][-]{section.3.1}{3.1 Citations In Scientific Publications}{chapter.3}% 12
\BOOKMARK [1][-]{section.3.2}{3.2 Popular Academic Search Engines}{chapter.3}% 13
\BOOKMARK [0][-]{chapter.4}{4 Citation Search Engine}{}% 14
\BOOKMARK [1][-]{section.4.1}{4.1 System Overview}{chapter.4}% 15
\BOOKMARK [1][-]{section.4.2}{4.2 Parser}{chapter.4}% 16
\BOOKMARK [2][-]{subsection.4.2.1}{4.2.1 PDF Processing}{section.4.2}% 17
\BOOKMARK [2][-]{subsection.4.2.2}{4.2.2 Document Publishing}{section.4.2}% 18
\BOOKMARK [1][-]{section.4.3}{4.3 Indexer}{chapter.4}% 19
\BOOKMARK [2][-]{subsection.4.3.1}{4.3.1 Solr Ranking Model}{section.4.3}% 20
\BOOKMARK [1][-]{section.4.4}{4.4 Web Search Interface}{chapter.4}% 21
\BOOKMARK [2][-]{subsection.4.4.1}{4.4.1 Citation Search Main Page}{section.4.4}% 22
\BOOKMARK [2][-]{subsection.4.4.2}{4.4.2 Search by Bibliography Page}{section.4.4}% 23
\BOOKMARK [0][-]{chapter.5}{5 Evaluation}{}% 24
\BOOKMARK [1][-]{section.5.1}{5.1 Experiment Setup}{chapter.5}% 25
\BOOKMARK [2][-]{subsection.5.1.1}{5.1.1 Data and Tools}{section.5.1}% 26
\BOOKMARK [2][-]{subsection.5.1.2}{5.1.2 Participants}{section.5.1}% 27
\BOOKMARK [2][-]{subsection.5.1.3}{5.1.3 Process}{section.5.1}% 28
\BOOKMARK [2][-]{subsection.5.1.4}{5.1.4 Tasks}{section.5.1}% 29
\BOOKMARK [1][-]{section.5.2}{5.2 Pre-experiment Questionnaire and Post-experiment Questionnaire}{chapter.5}% 30
\BOOKMARK [1][-]{section.5.3}{5.3 Evaluation Results}{chapter.5}% 31
\BOOKMARK [2][-]{subsection.5.3.1}{5.3.1 Results for Task 1}{section.5.3}% 32
\BOOKMARK [2][-]{subsection.5.3.2}{5.3.2 Results for Task 1}{section.5.3}% 33
\BOOKMARK [2][-]{subsection.5.3.3}{5.3.3 Results for Task 2}{section.5.3}% 34
\BOOKMARK [2][-]{subsection.5.3.4}{5.3.4 Final Questionnaire}{section.5.3}% 35
\BOOKMARK [2][-]{subsection.5.3.5}{5.3.5 User Feedback}{section.5.3}% 36
\BOOKMARK [2][-]{subsection.5.3.6}{5.3.6 Results Summary}{section.5.3}% 37
\BOOKMARK [0][-]{chapter.6}{6 Conclusion}{}% 38
\BOOKMARK [1][-]{section.6.1}{6.1 Future Work}{chapter.6}% 39
\BOOKMARK [2][-]{subsection.6.1.1}{6.1.1 Parser Enhancement}{section.6.1}% 40
\BOOKMARK [2][-]{subsection.6.1.2}{6.1.2 UI enhancement}{section.6.1}% 41
\BOOKMARK [2][-]{subsection.6.1.3}{6.1.3 Feature extensions}{section.6.1}% 42
\BOOKMARK [0][-]{appendix.A}{A User Guide for Citation Search Deployment}{}% 43
\BOOKMARK [1][-]{section.A.1}{A.1 Solr Installation}{appendix.A}% 44
\BOOKMARK [2][-]{subsection.A.1.1}{A.1.1 Solr Configuration}{section.A.1}% 45
\BOOKMARK [2][-]{subsection.A.1.2}{A.1.2 Enhanced Solr Search Features}{section.A.1}% 46
\BOOKMARK [1][-]{section.A.2}{A.2 MongoDB Installation}{appendix.A}% 47
\BOOKMARK [2][-]{subsection.A.2.1}{A.2.1 MongoDB configuration}{section.A.2}% 48
\BOOKMARK [1][-]{section.A.3}{A.3 Running the parser}{appendix.A}% 49
\BOOKMARK [1][-]{section.A.4}{A.4 Search Interface Deployment}{appendix.A}% 50
